# JRE version: OpenJDK Runtime Environment (8.0_152-b01) (build 1.8.0_152-release-915-b01)
# Java VM: OpenJDK 64-Bit Server VM (25.152-b01 mixed mode windows-amd64 compressed oops)
Heap:
 PSYoungGen      total 162816K, used 11549K [0x00000000eab00000, 0x00000000f8680000, 0x0000000100000000)
  eden space 150016K, 0% used [0x00000000eab00000,0x00000000eab00000,0x00000000f3d80000)
  from space 12800K, 90% used [0x00000000f4b00000,0x00000000f5647488,0x00000000f5780000)
  to   space 13824K, 0% used [0x00000000f3d80000,0x00000000f3d80000,0x00000000f4b00000)
 ParOldGen       total 103424K, used 7379K [0x00000000c0000000, 0x00000000c6500000, 0x00000000eab00000)
  object space 103424K, 7% used [0x00000000c0000000,0x00000000c0734ea0,0x00000000c6500000)
 Metaspace       used 34628K, capacity 35302K, committed 35416K, reserved 1079296K
  class space    used 4631K, capacity 4906K, committed 4992K, reserved 1048576K
GC Heap History (10 events):
Event: 2.930 GC heap after
Heap after GC invocations=3 (full 0):
 PSYoungGen      total 76288K, used 7525K [0x00000000eab00000, 0x00000000f4000000, 0x0000000100000000)
  eden space 65536K, 0% used [0x00000000eab00000,0x00000000eab00000,0x00000000eeb00000)
  from space 10752K, 69% used [0x00000000eeb00000,0x00000000ef259480,0x00000000ef580000)
  to   space 10752K, 0% used [0x00000000f3580000,0x00000000f3580000,0x00000000f4000000)
 ParOldGen       total 175104K, used 1506K [0x00000000c0000000, 0x00000000cab00000, 0x00000000eab00000)
  object space 175104K, 0% used [0x00000000c0000000,0x00000000c0178b10,0x00000000cab00000)
 Metaspace       used 20643K, capacity 21036K, committed 21248K, reserved 1067008K
  class space    used 2798K, capacity 2959K, committed 3072K, reserved 1048576K
}
Event: 2.930 GC heap before
{Heap before GC invocations=4 (full 1):
 PSYoungGen      total 76288K, used 7525K [0x00000000eab00000, 0x00000000f4000000, 0x0000000100000000)
  eden space 65536K, 0% used [0x00000000eab00000,0x00000000eab00000,0x00000000eeb00000)
  from space 10752K, 69% used [0x00000000eeb00000,0x00000000ef259480,0x00000000ef580000)
  to   space 10752K, 0% used [0x00000000f3580000,0x00000000f3580000,0x00000000f4000000)
 ParOldGen       total 175104K, used 1506K [0x00000000c0000000, 0x00000000cab00000, 0x00000000eab00000)
  object space 175104K, 0% used [0x00000000c0000000,0x00000000c0178b10,0x00000000cab00000)
 Metaspace       used 20643K, capacity 21036K, committed 21248K, reserved 1067008K
  class space    used 2798K, capacity 2959K, committed 3072K, reserved 1048576K
Event: 2.961 GC heap after
Heap after GC invocations=4 (full 1):
 PSYoungGen      total 76288K, used 0K [0x00000000eab00000, 0x00000000f4000000, 0x0000000100000000)
  eden space 65536K, 0% used [0x00000000eab00000,0x00000000eab00000,0x00000000eeb00000)
  from space 10752K, 0% used [0x00000000eeb00000,0x00000000eeb00000,0x00000000ef580000)
  to   space 10752K, 0% used [0x00000000f3580000,0x00000000f3580000,0x00000000f4000000)
 ParOldGen       total 103424K, used 7336K [0x00000000c0000000, 0x00000000c6500000, 0x00000000eab00000)
  object space 103424K, 7% used [0x00000000c0000000,0x00000000c072a250,0x00000000c6500000)
 Metaspace       used 20617K, capacity 20948K, committed 21248K, reserved 1067008K
  class space    used 2790K, capacity 2951K, committed 3072K, reserved 1048576K
}
Event: 3.739 GC heap before
{Heap before GC invocations=5 (full 1):
 PSYoungGen      total 76288K, used 65536K [0x00000000eab00000, 0x00000000f4000000, 0x0000000100000000)
  eden space 65536K, 100% used [0x00000000eab00000,0x00000000eeb00000,0x00000000eeb00000)
  from space 10752K, 0% used [0x00000000eeb00000,0x00000000eeb00000,0x00000000ef580000)
  to   space 10752K, 0% used [0x00000000f3580000,0x00000000f3580000,0x00000000f4000000)
 ParOldGen       total 103424K, used 7336K [0x00000000c0000000, 0x00000000c6500000, 0x00000000eab00000)
  object space 103424K, 7% used [0x00000000c0000000,0x00000000c072a250,0x00000000c6500000)
 Metaspace       used 26715K, capacity 27206K, committed 27520K, reserved 1073152K
  class space    used 3561K, capacity 3707K, committed 3712K, reserved 1048576K
Event: 3.744 GC heap after
Heap after GC invocations=5 (full 1):
 PSYoungGen      total 108032K, used 7000K [0x00000000eab00000, 0x00000000f3c80000, 0x0000000100000000)
  eden space 100864K, 0% used [0x00000000eab00000,0x00000000eab00000,0x00000000f0d80000)
  from space 7168K, 97% used [0x00000000f3580000,0x00000000f3c562e0,0x00000000f3c80000)
  to   space 10752K, 0% used [0x00000000f2780000,0x00000000f2780000,0x00000000f3200000)
 ParOldGen       total 103424K, used 7344K [0x00000000c0000000, 0x00000000c6500000, 0x00000000eab00000)
  object space 103424K, 7% used [0x00000000c0000000,0x00000000c072c250,0x00000000c6500000)
 Metaspace       used 26715K, capacity 27206K, committed 27520K, reserved 1073152K
  class space    used 3561K, capacity 3707K, committed 3712K, reserved 1048576K
}
Event: 4.803 GC heap before
{Heap before GC invocations=6 (full 1):
 PSYoungGen      total 108032K, used 107864K [0x00000000eab00000, 0x00000000f3c80000, 0x0000000100000000)
  eden space 100864K, 100% used [0x00000000eab00000,0x00000000f0d80000,0x00000000f0d80000)
  from space 7168K, 97% used [0x00000000f3580000,0x00000000f3c562e0,0x00000000f3c80000)
  to   space 10752K, 0% used [0x00000000f2780000,0x00000000f2780000,0x00000000f3200000)
 ParOldGen       total 103424K, used 7344K [0x00000000c0000000, 0x00000000c6500000, 0x00000000eab00000)
  object space 103424K, 7% used [0x00000000c0000000,0x00000000c072c250,0x00000000c6500000)
 Metaspace       used 30650K, capacity 31366K, committed 31488K, reserved 1077248K
  class space    used 4068K, capacity 4300K, committed 4352K, reserved 1048576K
Event: 4.810 GC heap after
Heap after GC invocations=6 (full 1):
 PSYoungGen      total 138240K, used 9247K [0x00000000eab00000, 0x00000000f5780000, 0x0000000100000000)
  eden space 127488K, 0% used [0x00000000eab00000,0x00000000eab00000,0x00000000f2780000)
  from space 10752K, 86% used [0x00000000f2780000,0x00000000f3087f78,0x00000000f3200000)
  to   space 12800K, 0% used [0x00000000f4b00000,0x00000000f4b00000,0x00000000f5780000)
 ParOldGen       total 103424K, used 7352K [0x00000000c0000000, 0x00000000c6500000, 0x00000000eab00000)
  object space 103424K, 7% used [0x00000000c0000000,0x00000000c072e250,0x00000000c6500000)
 Metaspace       used 30650K, capacity 31366K, committed 31488K, reserved 1077248K
  class space    used 4068K, capacity 4300K, committed 4352K, reserved 1048576K
}
Event: 5.310 GC heap before
{Heap before GC invocations=7 (full 1):
 PSYoungGen      total 138240K, used 55384K [0x00000000eab00000, 0x00000000f5780000, 0x0000000100000000)
  eden space 127488K, 36% used [0x00000000eab00000,0x00000000ed80e210,0x00000000f2780000)
  from space 10752K, 86% used [0x00000000f2780000,0x00000000f3087f78,0x00000000f3200000)
  to   space 12800K, 0% used [0x00000000f4b00000,0x00000000f4b00000,0x00000000f5780000)
 ParOldGen       total 103424K, used 7352K [0x00000000c0000000, 0x00000000c6500000, 0x00000000eab00000)
  object space 103424K, 7% used [0x00000000c0000000,0x00000000c072e250,0x00000000c6500000)
 Metaspace       used 34628K, capacity 35302K, committed 35416K, reserved 1079296K
  class space    used 4631K, capacity 4906K, committed 4992K, reserved 1048576K
Event: 5.320 GC heap after
Heap after GC invocations=7 (full 1):
 PSYoungGen      total 162816K, used 11549K [0x00000000eab00000, 0x00000000f8680000, 0x0000000100000000)
  eden space 150016K, 0% used [0x00000000eab00000,0x00000000eab00000,0x00000000f3d80000)
  from space 12800K, 90% used [0x00000000f4b00000,0x00000000f5647488,0x00000000f5780000)
  to   space 13824K, 0% used [0x00000000f3d80000,0x00000000f3d80000,0x00000000f4b00000)
 ParOldGen       total 103424K, used 7379K [0x00000000c0000000, 0x00000000c6500000, 0x00000000eab00000)
  object space 103424K, 7% used [0x00000000c0000000,0x00000000c0734ea0,0x00000000c6500000)
 Metaspace       used 34628K, capacity 35302K, committed 35416K, reserved 1079296K
  class space    used 4631K, capacity 4906K, committed 4992K, reserved 1048576K
}
Event: 5.320 GC heap before
{Heap before GC invocations=8 (full 2):
 PSYoungGen      total 162816K, used 11549K [0x00000000eab00000, 0x00000000f8680000, 0x0000000100000000)
  eden space 150016K, 0% used [0x00000000eab00000,0x00000000eab00000,0x00000000f3d80000)
  from space 12800K, 90% used [0x00000000f4b00000,0x00000000f5647488,0x00000000f5780000)
  to   space 13824K, 0% used [0x00000000f3d80000,0x00000000f3d80000,0x00000000f4b00000)
 ParOldGen       total 103424K, used 7379K [0x00000000c0000000, 0x00000000c6500000, 0x00000000eab00000)
  object space 103424K, 7% used [0x00000000c0000000,0x00000000c0734ea0,0x00000000c6500000)
 Metaspace       used 34628K, capacity 35302K, committed 35416K, reserved 1079296K
  class space    used 4631K, capacity 4906K, committed 4992K, reserved 1048576K

