# JRE version: OpenJDK Runtime Environment (8.0_152-b01) (build 1.8.0_152-release-915-b01)
# Java VM: OpenJDK 64-Bit Server VM (25.152-b01 mixed mode windows-amd64 compressed oops)
Heap:
 PSYoungGen      total 76288K, used 8197K [0x00000000e0000000, 0x00000000e9500000, 0x0000000100000000)
  eden space 65536K, 12% used [0x00000000e0000000,0x00000000e08014b8,0x00000000e4000000)
  from space 10752K, 0% used [0x00000000e4000000,0x00000000e4000000,0x00000000e4a80000)
  to   space 10752K, 0% used [0x00000000e8a80000,0x00000000e8a80000,0x00000000e9500000)
 ParOldGen       total 107520K, used 8926K [0x00000000a0000000, 0x00000000a6900000, 0x00000000e0000000)
  object space 107520K, 8% used [0x00000000a0000000,0x00000000a08b7908,0x00000000a6900000)
 Metaspace       used 21608K, capacity 22026K, committed 22144K, reserved 1069056K
  class space    used 3012K, capacity 3168K, committed 3200K, reserved 1048576K
GC Heap History (8 events):
Event: 2.353 GC heap before
{Heap before GC invocations=1 (full 0):
 PSYoungGen      total 76288K, used 65536K [0x00000000e0000000, 0x00000000e5500000, 0x0000000100000000)
  eden space 65536K, 100% used [0x00000000e0000000,0x00000000e4000000,0x00000000e4000000)
  from space 10752K, 0% used [0x00000000e4a80000,0x00000000e4a80000,0x00000000e5500000)
  to   space 10752K, 0% used [0x00000000e4000000,0x00000000e4000000,0x00000000e4a80000)
 ParOldGen       total 175104K, used 0K [0x00000000a0000000, 0x00000000aab00000, 0x00000000e0000000)
  object space 175104K, 0% used [0x00000000a0000000,0x00000000a0000000,0x00000000aab00000)
 Metaspace       used 10465K, capacity 10804K, committed 11008K, reserved 1058816K
  class space    used 1364K, capacity 1490K, committed 1536K, reserved 1048576K
Event: 2.363 GC heap after
Heap after GC invocations=1 (full 0):
 PSYoungGen      total 76288K, used 7833K [0x00000000e0000000, 0x00000000e5500000, 0x0000000100000000)
  eden space 65536K, 0% used [0x00000000e0000000,0x00000000e0000000,0x00000000e4000000)
  from space 10752K, 72% used [0x00000000e4000000,0x00000000e47a67d8,0x00000000e4a80000)
  to   space 10752K, 0% used [0x00000000e4a80000,0x00000000e4a80000,0x00000000e5500000)
 ParOldGen       total 175104K, used 16K [0x00000000a0000000, 0x00000000aab00000, 0x00000000e0000000)
  object space 175104K, 0% used [0x00000000a0000000,0x00000000a0004000,0x00000000aab00000)
 Metaspace       used 10465K, capacity 10804K, committed 11008K, reserved 1058816K
  class space    used 1364K, capacity 1490K, committed 1536K, reserved 1048576K
}
Event: 3.251 GC heap before
{Heap before GC invocations=2 (full 0):
 PSYoungGen      total 76288K, used 73369K [0x00000000e0000000, 0x00000000e5500000, 0x0000000100000000)
  eden space 65536K, 100% used [0x00000000e0000000,0x00000000e4000000,0x00000000e4000000)
  from space 10752K, 72% used [0x00000000e4000000,0x00000000e47a67d8,0x00000000e4a80000)
  to   space 10752K, 0% used [0x00000000e4a80000,0x00000000e4a80000,0x00000000e5500000)
 ParOldGen       total 175104K, used 16K [0x00000000a0000000, 0x00000000aab00000, 0x00000000e0000000)
  object space 175104K, 0% used [0x00000000a0000000,0x00000000a0004000,0x00000000aab00000)
 Metaspace       used 16802K, capacity 17192K, committed 17408K, reserved 1064960K
  class space    used 2399K, capacity 2544K, committed 2560K, reserved 1048576K
Event: 3.269 GC heap after
Heap after GC invocations=2 (full 0):
 PSYoungGen      total 76288K, used 10749K [0x00000000e0000000, 0x00000000e9500000, 0x0000000100000000)
  eden space 65536K, 0% used [0x00000000e0000000,0x00000000e0000000,0x00000000e4000000)
  from space 10752K, 99% used [0x00000000e4a80000,0x00000000e54ff6e0,0x00000000e5500000)
  to   space 10752K, 0% used [0x00000000e4000000,0x00000000e4000000,0x00000000e4a80000)
 ParOldGen       total 175104K, used 89K [0x00000000a0000000, 0x00000000aab00000, 0x00000000e0000000)
  object space 175104K, 0% used [0x00000000a0000000,0x00000000a0016460,0x00000000aab00000)
 Metaspace       used 16802K, capacity 17192K, committed 17408K, reserved 1064960K
  class space    used 2399K, capacity 2544K, committed 2560K, reserved 1048576K
}
Event: 3.910 GC heap before
{Heap before GC invocations=3 (full 0):
 PSYoungGen      total 76288K, used 33705K [0x00000000e0000000, 0x00000000e9500000, 0x0000000100000000)
  eden space 65536K, 35% used [0x00000000e0000000,0x00000000e166b098,0x00000000e4000000)
  from space 10752K, 99% used [0x00000000e4a80000,0x00000000e54ff6e0,0x00000000e5500000)
  to   space 10752K, 0% used [0x00000000e4000000,0x00000000e4000000,0x00000000e4a80000)
 ParOldGen       total 175104K, used 89K [0x00000000a0000000, 0x00000000aab00000, 0x00000000e0000000)
  object space 175104K, 0% used [0x00000000a0000000,0x00000000a0016460,0x00000000aab00000)
 Metaspace       used 20855K, capacity 21194K, committed 21248K, reserved 1067008K
  class space    used 2905K, capacity 3040K, committed 3072K, reserved 1048576K
Event: 3.921 GC heap after
Heap after GC invocations=3 (full 0):
 PSYoungGen      total 76288K, used 9112K [0x00000000e0000000, 0x00000000e9500000, 0x0000000100000000)
  eden space 65536K, 0% used [0x00000000e0000000,0x00000000e0000000,0x00000000e4000000)
  from space 10752K, 84% used [0x00000000e4000000,0x00000000e48e61d0,0x00000000e4a80000)
  to   space 10752K, 0% used [0x00000000e8a80000,0x00000000e8a80000,0x00000000e9500000)
 ParOldGen       total 175104K, used 97K [0x00000000a0000000, 0x00000000aab00000, 0x00000000e0000000)
  object space 175104K, 0% used [0x00000000a0000000,0x00000000a0018460,0x00000000aab00000)
 Metaspace       used 20855K, capacity 21194K, committed 21248K, reserved 1067008K
  class space    used 2905K, capacity 3040K, committed 3072K, reserved 1048576K
}
Event: 3.921 GC heap before
{Heap before GC invocations=4 (full 1):
 PSYoungGen      total 76288K, used 9112K [0x00000000e0000000, 0x00000000e9500000, 0x0000000100000000)
  eden space 65536K, 0% used [0x00000000e0000000,0x00000000e0000000,0x00000000e4000000)
  from space 10752K, 84% used [0x00000000e4000000,0x00000000e48e61d0,0x00000000e4a80000)
  to   space 10752K, 0% used [0x00000000e8a80000,0x00000000e8a80000,0x00000000e9500000)
 ParOldGen       total 175104K, used 97K [0x00000000a0000000, 0x00000000aab00000, 0x00000000e0000000)
  object space 175104K, 0% used [0x00000000a0000000,0x00000000a0018460,0x00000000aab00000)
 Metaspace       used 20855K, capacity 21194K, committed 21248K, reserved 1067008K
  class space    used 2905K, capacity 3040K, committed 3072K, reserved 1048576K
Event: 3.974 GC heap after
Heap after GC invocations=4 (full 1):
 PSYoungGen      total 76288K, used 0K [0x00000000e0000000, 0x00000000e9500000, 0x0000000100000000)
  eden space 65536K, 0% used [0x00000000e0000000,0x00000000e0000000,0x00000000e4000000)
  from space 10752K, 0% used [0x00000000e4000000,0x00000000e4000000,0x00000000e4a80000)
  to   space 10752K, 0% used [0x00000000e8a80000,0x00000000e8a80000,0x00000000e9500000)
 ParOldGen       total 107520K, used 8926K [0x00000000a0000000, 0x00000000a6900000, 0x00000000e0000000)
  object space 107520K, 8% used [0x00000000a0000000,0x00000000a08b7908,0x00000000a6900000)
 Metaspace       used 20855K, capacity 21194K, committed 21248K, reserved 1067008K
  class space    used 2905K, capacity 3040K, committed 3072K, reserved 1048576K
}

