# JRE version: OpenJDK Runtime Environment (8.0_152-b01) (build 1.8.0_152-release-915-b01)
# Java VM: OpenJDK 64-Bit Server VM (25.152-b01 mixed mode windows-amd64 compressed oops)
Heap:
 PSYoungGen      total 216064K, used 202240K [0x00000000e0000000, 0x00000000ef080000, 0x0000000100000000)
  eden space 202240K, 100% used [0x00000000e0000000,0x00000000ec580000,0x00000000ec580000)
  from space 13824K, 0% used [0x00000000ed300000,0x00000000ed300000,0x00000000ee080000)
  to   space 13824K, 70% used [0x00000000ec580000,0x00000000ecf034f0,0x00000000ed300000)
 ParOldGen       total 130048K, used 16369K [0x00000000a0000000, 0x00000000a7f00000, 0x00000000e0000000)
  object space 130048K, 12% used [0x00000000a0000000,0x00000000a0ffc5d0,0x00000000a7f00000)
 Metaspace       used 48647K, capacity 49914K, committed 50264K, reserved 1093632K
  class space    used 6503K, capacity 6935K, committed 7040K, reserved 1048576K
GC Heap History (10 events):
Event: 3.977 GC heap after
Heap after GC invocations=4 (full 1):
 PSYoungGen      total 76288K, used 0K [0x00000000e0000000, 0x00000000e9500000, 0x0000000100000000)
  eden space 65536K, 0% used [0x00000000e0000000,0x00000000e0000000,0x00000000e4000000)
  from space 10752K, 0% used [0x00000000e4000000,0x00000000e4000000,0x00000000e4a80000)
  to   space 10752K, 0% used [0x00000000e8a80000,0x00000000e8a80000,0x00000000e9500000)
 ParOldGen       total 87040K, used 6866K [0x00000000a0000000, 0x00000000a5500000, 0x00000000e0000000)
  object space 87040K, 7% used [0x00000000a0000000,0x00000000a06b4978,0x00000000a5500000)
 Metaspace       used 20687K, capacity 21084K, committed 21248K, reserved 1067008K
  class space    used 2856K, capacity 3007K, committed 3072K, reserved 1048576K
}
Event: 5.004 GC heap before
{Heap before GC invocations=5 (full 1):
 PSYoungGen      total 76288K, used 65073K [0x00000000e0000000, 0x00000000e9500000, 0x0000000100000000)
  eden space 65536K, 99% used [0x00000000e0000000,0x00000000e3f8c5f8,0x00000000e4000000)
  from space 10752K, 0% used [0x00000000e4000000,0x00000000e4000000,0x00000000e4a80000)
  to   space 10752K, 0% used [0x00000000e8a80000,0x00000000e8a80000,0x00000000e9500000)
 ParOldGen       total 87040K, used 6866K [0x00000000a0000000, 0x00000000a5500000, 0x00000000e0000000)
  object space 87040K, 7% used [0x00000000a0000000,0x00000000a06b4978,0x00000000a5500000)
 Metaspace       used 25645K, capacity 26110K, committed 26368K, reserved 1071104K
  class space    used 3536K, capacity 3714K, committed 3840K, reserved 1048576K
Event: 5.011 GC heap after
Heap after GC invocations=5 (full 1):
 PSYoungGen      total 123904K, used 6980K [0x00000000e0000000, 0x00000000e9180000, 0x0000000100000000)
  eden space 116736K, 0% used [0x00000000e0000000,0x00000000e0000000,0x00000000e7200000)
  from space 7168K, 97% used [0x00000000e8a80000,0x00000000e91510c8,0x00000000e9180000)
  to   space 10752K, 0% used [0x00000000e7c80000,0x00000000e7c80000,0x00000000e8700000)
 ParOldGen       total 87040K, used 6874K [0x00000000a0000000, 0x00000000a5500000, 0x00000000e0000000)
  object space 87040K, 7% used [0x00000000a0000000,0x00000000a06b6978,0x00000000a5500000)
 Metaspace       used 25645K, capacity 26110K, committed 26368K, reserved 1071104K
  class space    used 3536K, capacity 3714K, committed 3840K, reserved 1048576K
}
Event: 7.002 GC heap before
{Heap before GC invocations=6 (full 1):
 PSYoungGen      total 123904K, used 123716K [0x00000000e0000000, 0x00000000e9180000, 0x0000000100000000)
  eden space 116736K, 100% used [0x00000000e0000000,0x00000000e7200000,0x00000000e7200000)
  from space 7168K, 97% used [0x00000000e8a80000,0x00000000e91510c8,0x00000000e9180000)
  to   space 10752K, 0% used [0x00000000e7c80000,0x00000000e7c80000,0x00000000e8700000)
 ParOldGen       total 87040K, used 6874K [0x00000000a0000000, 0x00000000a5500000, 0x00000000e0000000)
  object space 87040K, 7% used [0x00000000a0000000,0x00000000a06b6978,0x00000000a5500000)
 Metaspace       used 31837K, capacity 32486K, committed 32640K, reserved 1077248K
  class space    used 4352K, capacity 4624K, committed 4736K, reserved 1048576K
Event: 7.010 GC heap after
Heap after GC invocations=6 (full 1):
 PSYoungGen      total 138240K, used 10711K [0x00000000e0000000, 0x00000000ee080000, 0x0000000100000000)
  eden space 127488K, 0% used [0x00000000e0000000,0x00000000e0000000,0x00000000e7c80000)
  from space 10752K, 99% used [0x00000000e7c80000,0x00000000e86f5ea8,0x00000000e8700000)
  to   space 13824K, 0% used [0x00000000ed300000,0x00000000ed300000,0x00000000ee080000)
 ParOldGen       total 87040K, used 6954K [0x00000000a0000000, 0x00000000a5500000, 0x00000000e0000000)
  object space 87040K, 7% used [0x00000000a0000000,0x00000000a06ca988,0x00000000a5500000)
 Metaspace       used 31837K, capacity 32486K, committed 32640K, reserved 1077248K
  class space    used 4352K, capacity 4624K, committed 4736K, reserved 1048576K
}
Event: 7.869 GC heap before
{Heap before GC invocations=7 (full 1):
 PSYoungGen      total 138240K, used 33169K [0x00000000e0000000, 0x00000000ee080000, 0x0000000100000000)
  eden space 127488K, 17% used [0x00000000e0000000,0x00000000e15ee5d0,0x00000000e7c80000)
  from space 10752K, 99% used [0x00000000e7c80000,0x00000000e86f5ea8,0x00000000e8700000)
  to   space 13824K, 0% used [0x00000000ed300000,0x00000000ed300000,0x00000000ee080000)
 ParOldGen       total 87040K, used 6954K [0x00000000a0000000, 0x00000000a5500000, 0x00000000e0000000)
  object space 87040K, 7% used [0x00000000a0000000,0x00000000a06ca988,0x00000000a5500000)
 Metaspace       used 34440K, capacity 35308K, committed 35416K, reserved 1079296K
  class space    used 4691K, capacity 4974K, committed 4992K, reserved 1048576K
Event: 7.882 GC heap after
Heap after GC invocations=7 (full 1):
 PSYoungGen      total 216064K, used 10154K [0x00000000e0000000, 0x00000000ef080000, 0x0000000100000000)
  eden space 202240K, 0% used [0x00000000e0000000,0x00000000e0000000,0x00000000ec580000)
  from space 13824K, 73% used [0x00000000ed300000,0x00000000edceab98,0x00000000ee080000)
  to   space 13824K, 0% used [0x00000000ec580000,0x00000000ec580000,0x00000000ed300000)
 ParOldGen       total 87040K, used 6962K [0x00000000a0000000, 0x00000000a5500000, 0x00000000e0000000)
  object space 87040K, 7% used [0x00000000a0000000,0x00000000a06cc988,0x00000000a5500000)
 Metaspace       used 34440K, capacity 35308K, committed 35416K, reserved 1079296K
  class space    used 4691K, capacity 4974K, committed 4992K, reserved 1048576K
}
Event: 7.882 GC heap before
{Heap before GC invocations=8 (full 2):
 PSYoungGen      total 216064K, used 10154K [0x00000000e0000000, 0x00000000ef080000, 0x0000000100000000)
  eden space 202240K, 0% used [0x00000000e0000000,0x00000000e0000000,0x00000000ec580000)
  from space 13824K, 73% used [0x00000000ed300000,0x00000000edceab98,0x00000000ee080000)
  to   space 13824K, 0% used [0x00000000ec580000,0x00000000ec580000,0x00000000ed300000)
 ParOldGen       total 87040K, used 6962K [0x00000000a0000000, 0x00000000a5500000, 0x00000000e0000000)
  object space 87040K, 7% used [0x00000000a0000000,0x00000000a06cc988,0x00000000a5500000)
 Metaspace       used 34440K, capacity 35308K, committed 35416K, reserved 1079296K
  class space    used 4691K, capacity 4974K, committed 4992K, reserved 1048576K
Event: 7.966 GC heap after
Heap after GC invocations=8 (full 2):
 PSYoungGen      total 216064K, used 0K [0x00000000e0000000, 0x00000000ef080000, 0x0000000100000000)
  eden space 202240K, 0% used [0x00000000e0000000,0x00000000e0000000,0x00000000ec580000)
  from space 13824K, 0% used [0x00000000ed300000,0x00000000ed300000,0x00000000ee080000)
  to   space 13824K, 0% used [0x00000000ec580000,0x00000000ec580000,0x00000000ed300000)
 ParOldGen       total 130048K, used 16361K [0x00000000a0000000, 0x00000000a7f00000, 0x00000000e0000000)
  object space 130048K, 12% used [0x00000000a0000000,0x00000000a0ffa5d0,0x00000000a7f00000)
 Metaspace       used 34440K, capacity 35308K, committed 35416K, reserved 1079296K
  class space    used 4691K, capacity 4974K, committed 4992K, reserved 1048576K
}
Event: 10.404 GC heap before
{Heap before GC invocations=9 (full 2):
 PSYoungGen      total 216064K, used 202240K [0x00000000e0000000, 0x00000000ef080000, 0x0000000100000000)
  eden space 202240K, 100% used [0x00000000e0000000,0x00000000ec580000,0x00000000ec580000)
  from space 13824K, 0% used [0x00000000ed300000,0x00000000ed300000,0x00000000ee080000)
  to   space 13824K, 0% used [0x00000000ec580000,0x00000000ec580000,0x00000000ed300000)
 ParOldGen       total 130048K, used 16361K [0x00000000a0000000, 0x00000000a7f00000, 0x00000000e0000000)
  object space 130048K, 12% used [0x00000000a0000000,0x00000000a0ffa5d0,0x00000000a7f00000)
 Metaspace       used 48647K, capacity 49914K, committed 50264K, reserved 1093632K
  class space    used 6503K, capacity 6935K, committed 7040K, reserved 1048576K

