# JRE version: OpenJDK Runtime Environment (8.0_152-b01) (build 1.8.0_152-release-915-b01)
# Java VM: OpenJDK 64-Bit Server VM (25.152-b01 mixed mode windows-amd64 compressed oops)
Heap:
 PSYoungGen      total 197120K, used 57855K [0x00000000e0000000, 0x00000000f1c00000, 0x0000000100000000)
  eden space 183808K, 24% used [0x00000000e0000000,0x00000000e2b85720,0x00000000eb380000)
  from space 13312K, 99% used [0x00000000eb380000,0x00000000ec07a500,0x00000000ec080000)
  to   space 16896K, 0% used [0x00000000f0b80000,0x00000000f0b80000,0x00000000f1c00000)
 ParOldGen       total 148480K, used 20077K [0x00000000a0000000, 0x00000000a9100000, 0x00000000e0000000)
  object space 148480K, 13% used [0x00000000a0000000,0x00000000a139b408,0x00000000a9100000)
 Metaspace       used 50817K, capacity 52386K, committed 52480K, reserved 1093632K
  class space    used 6866K, capacity 7335K, committed 7424K, reserved 1048576K
GC Heap History (10 events):
Event: 3.300 GC heap before
{Heap before GC invocations=5 (full 1):
 PSYoungGen      total 76288K, used 65536K [0x00000000e0000000, 0x00000000e9500000, 0x0000000100000000)
  eden space 65536K, 100% used [0x00000000e0000000,0x00000000e4000000,0x00000000e4000000)
  from space 10752K, 0% used [0x00000000e4000000,0x00000000e4000000,0x00000000e4a80000)
  to   space 10752K, 0% used [0x00000000e8a80000,0x00000000e8a80000,0x00000000e9500000)
 ParOldGen       total 92672K, used 6706K [0x00000000a0000000, 0x00000000a5a80000, 0x00000000e0000000)
  object space 92672K, 7% used [0x00000000a0000000,0x00000000a068ca70,0x00000000a5a80000)
 Metaspace       used 25643K, capacity 26106K, committed 26368K, reserved 1071104K
  class space    used 3541K, capacity 3714K, committed 3840K, reserved 1048576K
Event: 3.307 GC heap after
Heap after GC invocations=5 (full 1):
 PSYoungGen      total 118272K, used 7097K [0x00000000e0000000, 0x00000000e9180000, 0x0000000100000000)
  eden space 111104K, 0% used [0x00000000e0000000,0x00000000e0000000,0x00000000e6c80000)
  from space 7168K, 99% used [0x00000000e8a80000,0x00000000e916e530,0x00000000e9180000)
  to   space 10752K, 0% used [0x00000000e7c80000,0x00000000e7c80000,0x00000000e8700000)
 ParOldGen       total 92672K, used 6714K [0x00000000a0000000, 0x00000000a5a80000, 0x00000000e0000000)
  object space 92672K, 7% used [0x00000000a0000000,0x00000000a068ea70,0x00000000a5a80000)
 Metaspace       used 25643K, capacity 26106K, committed 26368K, reserved 1071104K
  class space    used 3541K, capacity 3714K, committed 3840K, reserved 1048576K
}
Event: 4.526 GC heap before
{Heap before GC invocations=6 (full 1):
 PSYoungGen      total 118272K, used 118201K [0x00000000e0000000, 0x00000000e9180000, 0x0000000100000000)
  eden space 111104K, 100% used [0x00000000e0000000,0x00000000e6c80000,0x00000000e6c80000)
  from space 7168K, 99% used [0x00000000e8a80000,0x00000000e916e530,0x00000000e9180000)
  to   space 10752K, 0% used [0x00000000e7c80000,0x00000000e7c80000,0x00000000e8700000)
 ParOldGen       total 92672K, used 6714K [0x00000000a0000000, 0x00000000a5a80000, 0x00000000e0000000)
  object space 92672K, 7% used [0x00000000a0000000,0x00000000a068ea70,0x00000000a5a80000)
 Metaspace       used 31551K, capacity 32266K, committed 32640K, reserved 1077248K
  class space    used 4333K, capacity 4616K, committed 4736K, reserved 1048576K
Event: 4.534 GC heap after
Heap after GC invocations=6 (full 1):
 PSYoungGen      total 138240K, used 10286K [0x00000000e0000000, 0x00000000ece00000, 0x0000000100000000)
  eden space 127488K, 0% used [0x00000000e0000000,0x00000000e0000000,0x00000000e7c80000)
  from space 10752K, 95% used [0x00000000e7c80000,0x00000000e868ba78,0x00000000e8700000)
  to   space 13824K, 0% used [0x00000000ec080000,0x00000000ec080000,0x00000000ece00000)
 ParOldGen       total 92672K, used 6722K [0x00000000a0000000, 0x00000000a5a80000, 0x00000000e0000000)
  object space 92672K, 7% used [0x00000000a0000000,0x00000000a0690a70,0x00000000a5a80000)
 Metaspace       used 31551K, capacity 32266K, committed 32640K, reserved 1077248K
  class space    used 4333K, capacity 4616K, committed 4736K, reserved 1048576K
}
Event: 5.034 GC heap before
{Heap before GC invocations=7 (full 1):
 PSYoungGen      total 138240K, used 38068K [0x00000000e0000000, 0x00000000ece00000, 0x0000000100000000)
  eden space 127488K, 21% used [0x00000000e0000000,0x00000000e1b21960,0x00000000e7c80000)
  from space 10752K, 95% used [0x00000000e7c80000,0x00000000e868ba78,0x00000000e8700000)
  to   space 13824K, 0% used [0x00000000ec080000,0x00000000ec080000,0x00000000ece00000)
 ParOldGen       total 92672K, used 6722K [0x00000000a0000000, 0x00000000a5a80000, 0x00000000e0000000)
  object space 92672K, 7% used [0x00000000a0000000,0x00000000a0690a70,0x00000000a5a80000)
 Metaspace       used 34505K, capacity 35272K, committed 35416K, reserved 1079296K
  class space    used 4713K, capacity 5006K, committed 5120K, reserved 1048576K
Event: 5.040 GC heap after
Heap after GC invocations=7 (full 1):
 PSYoungGen      total 197632K, used 10130K [0x00000000e0000000, 0x00000000ee400000, 0x0000000100000000)
  eden space 183808K, 0% used [0x00000000e0000000,0x00000000e0000000,0x00000000eb380000)
  from space 13824K, 73% used [0x00000000ec080000,0x00000000eca648b0,0x00000000ece00000)
  to   space 13312K, 0% used [0x00000000eb380000,0x00000000eb380000,0x00000000ec080000)
 ParOldGen       total 92672K, used 6794K [0x00000000a0000000, 0x00000000a5a80000, 0x00000000e0000000)
  object space 92672K, 7% used [0x00000000a0000000,0x00000000a06a2a80,0x00000000a5a80000)
 Metaspace       used 34505K, capacity 35272K, committed 35416K, reserved 1079296K
  class space    used 4713K, capacity 5006K, committed 5120K, reserved 1048576K
}
Event: 5.040 GC heap before
{Heap before GC invocations=8 (full 2):
 PSYoungGen      total 197632K, used 10130K [0x00000000e0000000, 0x00000000ee400000, 0x0000000100000000)
  eden space 183808K, 0% used [0x00000000e0000000,0x00000000e0000000,0x00000000eb380000)
  from space 13824K, 73% used [0x00000000ec080000,0x00000000eca648b0,0x00000000ece00000)
  to   space 13312K, 0% used [0x00000000eb380000,0x00000000eb380000,0x00000000ec080000)
 ParOldGen       total 92672K, used 6794K [0x00000000a0000000, 0x00000000a5a80000, 0x00000000e0000000)
  object space 92672K, 7% used [0x00000000a0000000,0x00000000a06a2a80,0x00000000a5a80000)
 Metaspace       used 34505K, capacity 35272K, committed 35416K, reserved 1079296K
  class space    used 4713K, capacity 5006K, committed 5120K, reserved 1048576K
Event: 5.129 GC heap after
Heap after GC invocations=8 (full 2):
 PSYoungGen      total 197632K, used 0K [0x00000000e0000000, 0x00000000ee400000, 0x0000000100000000)
  eden space 183808K, 0% used [0x00000000e0000000,0x00000000e0000000,0x00000000eb380000)
  from space 13824K, 0% used [0x00000000ec080000,0x00000000ec080000,0x00000000ece00000)
  to   space 13312K, 0% used [0x00000000eb380000,0x00000000eb380000,0x00000000ec080000)
 ParOldGen       total 148480K, used 16401K [0x00000000a0000000, 0x00000000a9100000, 0x00000000e0000000)
  object space 148480K, 11% used [0x00000000a0000000,0x00000000a10044a0,0x00000000a9100000)
 Metaspace       used 34505K, capacity 35272K, committed 35416K, reserved 1079296K
  class space    used 4713K, capacity 5006K, committed 5120K, reserved 1048576K
}
Event: 6.983 GC heap before
{Heap before GC invocations=9 (full 2):
 PSYoungGen      total 197632K, used 183808K [0x00000000e0000000, 0x00000000ee400000, 0x0000000100000000)
  eden space 183808K, 100% used [0x00000000e0000000,0x00000000eb380000,0x00000000eb380000)
  from space 13824K, 0% used [0x00000000ec080000,0x00000000ec080000,0x00000000ece00000)
  to   space 13312K, 0% used [0x00000000eb380000,0x00000000eb380000,0x00000000ec080000)
 ParOldGen       total 148480K, used 16401K [0x00000000a0000000, 0x00000000a9100000, 0x00000000e0000000)
  object space 148480K, 11% used [0x00000000a0000000,0x00000000a10044a0,0x00000000a9100000)
 Metaspace       used 47187K, capacity 48366K, committed 48512K, reserved 1091584K
  class space    used 6334K, capacity 6713K, committed 6784K, reserved 1048576K
Event: 6.994 GC heap after
Heap after GC invocations=9 (full 2):
 PSYoungGen      total 197120K, used 13289K [0x00000000e0000000, 0x00000000f1c00000, 0x0000000100000000)
  eden space 183808K, 0% used [0x00000000e0000000,0x00000000e0000000,0x00000000eb380000)
  from space 13312K, 99% used [0x00000000eb380000,0x00000000ec07a500,0x00000000ec080000)
  to   space 16896K, 0% used [0x00000000f0b80000,0x00000000f0b80000,0x00000000f1c00000)
 ParOldGen       total 148480K, used 20077K [0x00000000a0000000, 0x00000000a9100000, 0x00000000e0000000)
  object space 148480K, 13% used [0x00000000a0000000,0x00000000a139b408,0x00000000a9100000)
 Metaspace       used 47187K, capacity 48366K, committed 48512K, reserved 1091584K
  class space    used 6334K, capacity 6713K, committed 6784K, reserved 1048576K
}

