# JRE version: OpenJDK Runtime Environment (8.0_152-b01) (build 1.8.0_152-release-915-b01)
# Java VM: OpenJDK 64-Bit Server VM (25.152-b01 mixed mode windows-amd64 compressed oops)
Heap:
 PSYoungGen      total 214528K, used 28401K [0x00000000e0000000, 0x00000000f5e00000, 0x0000000100000000)
  eden space 200704K, 7% used [0x00000000e0000000,0x00000000e0e3deb0,0x00000000ec400000)
  from space 13824K, 99% used [0x00000000ec400000,0x00000000ed17e8b8,0x00000000ed180000)
  to   space 17920K, 0% used [0x00000000f4c80000,0x00000000f4c80000,0x00000000f5e00000)
 ParOldGen       total 123904K, used 20413K [0x00000000a0000000, 0x00000000a7900000, 0x00000000e0000000)
  object space 123904K, 16% used [0x00000000a0000000,0x00000000a13ef6f8,0x00000000a7900000)
 Metaspace       used 48742K, capacity 50020K, committed 50304K, reserved 1093632K
  class space    used 6534K, capacity 6944K, committed 7040K, reserved 1048576K
GC Heap History (10 events):
Event: 3.772 GC heap before
{Heap before GC invocations=5 (full 1):
 PSYoungGen      total 76288K, used 65536K [0x00000000e0000000, 0x00000000e9500000, 0x0000000100000000)
  eden space 65536K, 100% used [0x00000000e0000000,0x00000000e4000000,0x00000000e4000000)
  from space 10752K, 0% used [0x00000000e4000000,0x00000000e4000000,0x00000000e4a80000)
  to   space 10752K, 0% used [0x00000000e8a80000,0x00000000e8a80000,0x00000000e9500000)
 ParOldGen       total 88064K, used 6675K [0x00000000a0000000, 0x00000000a5600000, 0x00000000e0000000)
  object space 88064K, 7% used [0x00000000a0000000,0x00000000a0684eb8,0x00000000a5600000)
 Metaspace       used 25616K, capacity 26110K, committed 26368K, reserved 1071104K
  class space    used 3534K, capacity 3714K, committed 3840K, reserved 1048576K
Event: 3.778 GC heap after
Heap after GC invocations=5 (full 1):
 PSYoungGen      total 123392K, used 6876K [0x00000000e0000000, 0x00000000e9180000, 0x0000000100000000)
  eden space 116224K, 0% used [0x00000000e0000000,0x00000000e0000000,0x00000000e7180000)
  from space 7168K, 95% used [0x00000000e8a80000,0x00000000e9137130,0x00000000e9180000)
  to   space 10752K, 0% used [0x00000000e7c80000,0x00000000e7c80000,0x00000000e8700000)
 ParOldGen       total 88064K, used 6683K [0x00000000a0000000, 0x00000000a5600000, 0x00000000e0000000)
  object space 88064K, 7% used [0x00000000a0000000,0x00000000a0686eb8,0x00000000a5600000)
 Metaspace       used 25616K, capacity 26110K, committed 26368K, reserved 1071104K
  class space    used 3534K, capacity 3714K, committed 3840K, reserved 1048576K
}
Event: 5.724 GC heap before
{Heap before GC invocations=6 (full 1):
 PSYoungGen      total 123392K, used 123100K [0x00000000e0000000, 0x00000000e9180000, 0x0000000100000000)
  eden space 116224K, 100% used [0x00000000e0000000,0x00000000e7180000,0x00000000e7180000)
  from space 7168K, 95% used [0x00000000e8a80000,0x00000000e9137130,0x00000000e9180000)
  to   space 10752K, 0% used [0x00000000e7c80000,0x00000000e7c80000,0x00000000e8700000)
 ParOldGen       total 88064K, used 6683K [0x00000000a0000000, 0x00000000a5600000, 0x00000000e0000000)
  object space 88064K, 7% used [0x00000000a0000000,0x00000000a0686eb8,0x00000000a5600000)
 Metaspace       used 31736K, capacity 32486K, committed 32640K, reserved 1077248K
  class space    used 4345K, capacity 4624K, committed 4736K, reserved 1048576K
Event: 5.732 GC heap after
Heap after GC invocations=6 (full 1):
 PSYoungGen      total 138240K, used 10590K [0x00000000e0000000, 0x00000000edf80000, 0x0000000100000000)
  eden space 127488K, 0% used [0x00000000e0000000,0x00000000e0000000,0x00000000e7c80000)
  from space 10752K, 98% used [0x00000000e7c80000,0x00000000e86d7a58,0x00000000e8700000)
  to   space 14336K, 0% used [0x00000000ed180000,0x00000000ed180000,0x00000000edf80000)
 ParOldGen       total 88064K, used 6763K [0x00000000a0000000, 0x00000000a5600000, 0x00000000e0000000)
  object space 88064K, 7% used [0x00000000a0000000,0x00000000a069aec8,0x00000000a5600000)
 Metaspace       used 31736K, capacity 32486K, committed 32640K, reserved 1077248K
  class space    used 4345K, capacity 4624K, committed 4736K, reserved 1048576K
}
Event: 7.898 GC heap before
{Heap before GC invocations=7 (full 1):
 PSYoungGen      total 138240K, used 33282K [0x00000000e0000000, 0x00000000edf80000, 0x0000000100000000)
  eden space 127488K, 17% used [0x00000000e0000000,0x00000000e1629000,0x00000000e7c80000)
  from space 10752K, 98% used [0x00000000e7c80000,0x00000000e86d7a58,0x00000000e8700000)
  to   space 14336K, 0% used [0x00000000ed180000,0x00000000ed180000,0x00000000edf80000)
 ParOldGen       total 88064K, used 6763K [0x00000000a0000000, 0x00000000a5600000, 0x00000000e0000000)
  object space 88064K, 7% used [0x00000000a0000000,0x00000000a069aec8,0x00000000a5600000)
 Metaspace       used 34506K, capacity 35276K, committed 35416K, reserved 1079296K
  class space    used 4709K, capacity 5006K, committed 5120K, reserved 1048576K
Event: 7.905 GC heap after
Heap after GC invocations=7 (full 1):
 PSYoungGen      total 215040K, used 10144K [0x00000000e0000000, 0x00000000eea80000, 0x0000000100000000)
  eden space 200704K, 0% used [0x00000000e0000000,0x00000000e0000000,0x00000000ec400000)
  from space 14336K, 70% used [0x00000000ed180000,0x00000000edb68060,0x00000000edf80000)
  to   space 13824K, 0% used [0x00000000ec400000,0x00000000ec400000,0x00000000ed180000)
 ParOldGen       total 88064K, used 6771K [0x00000000a0000000, 0x00000000a5600000, 0x00000000e0000000)
  object space 88064K, 7% used [0x00000000a0000000,0x00000000a069cec8,0x00000000a5600000)
 Metaspace       used 34506K, capacity 35276K, committed 35416K, reserved 1079296K
  class space    used 4709K, capacity 5006K, committed 5120K, reserved 1048576K
}
Event: 7.905 GC heap before
{Heap before GC invocations=8 (full 2):
 PSYoungGen      total 215040K, used 10144K [0x00000000e0000000, 0x00000000eea80000, 0x0000000100000000)
  eden space 200704K, 0% used [0x00000000e0000000,0x00000000e0000000,0x00000000ec400000)
  from space 14336K, 70% used [0x00000000ed180000,0x00000000edb68060,0x00000000edf80000)
  to   space 13824K, 0% used [0x00000000ec400000,0x00000000ec400000,0x00000000ed180000)
 ParOldGen       total 88064K, used 6771K [0x00000000a0000000, 0x00000000a5600000, 0x00000000e0000000)
  object space 88064K, 7% used [0x00000000a0000000,0x00000000a069cec8,0x00000000a5600000)
 Metaspace       used 34506K, capacity 35276K, committed 35416K, reserved 1079296K
  class space    used 4709K, capacity 5006K, committed 5120K, reserved 1048576K
Event: 7.978 GC heap after
Heap after GC invocations=8 (full 2):
 PSYoungGen      total 215040K, used 0K [0x00000000e0000000, 0x00000000eea80000, 0x0000000100000000)
  eden space 200704K, 0% used [0x00000000e0000000,0x00000000e0000000,0x00000000ec400000)
  from space 14336K, 0% used [0x00000000ed180000,0x00000000ed180000,0x00000000edf80000)
  to   space 13824K, 0% used [0x00000000ec400000,0x00000000ec400000,0x00000000ed180000)
 ParOldGen       total 123904K, used 16424K [0x00000000a0000000, 0x00000000a7900000, 0x00000000e0000000)
  object space 123904K, 13% used [0x00000000a0000000,0x00000000a100a300,0x00000000a7900000)
 Metaspace       used 34506K, capacity 35276K, committed 35416K, reserved 1079296K
  class space    used 4709K, capacity 5006K, committed 5120K, reserved 1048576K
}
Event: 9.841 GC heap before
{Heap before GC invocations=9 (full 2):
 PSYoungGen      total 215040K, used 200704K [0x00000000e0000000, 0x00000000eea80000, 0x0000000100000000)
  eden space 200704K, 100% used [0x00000000e0000000,0x00000000ec400000,0x00000000ec400000)
  from space 14336K, 0% used [0x00000000ed180000,0x00000000ed180000,0x00000000edf80000)
  to   space 13824K, 0% used [0x00000000ec400000,0x00000000ec400000,0x00000000ed180000)
 ParOldGen       total 123904K, used 16424K [0x00000000a0000000, 0x00000000a7900000, 0x00000000e0000000)
  object space 123904K, 13% used [0x00000000a0000000,0x00000000a100a300,0x00000000a7900000)
 Metaspace       used 47713K, capacity 48954K, committed 49152K, reserved 1091584K
  class space    used 6392K, capacity 6793K, committed 6912K, reserved 1048576K
Event: 9.854 GC heap after
Heap after GC invocations=9 (full 2):
 PSYoungGen      total 214528K, used 13818K [0x00000000e0000000, 0x00000000f5e00000, 0x0000000100000000)
  eden space 200704K, 0% used [0x00000000e0000000,0x00000000e0000000,0x00000000ec400000)
  from space 13824K, 99% used [0x00000000ec400000,0x00000000ed17e8b8,0x00000000ed180000)
  to   space 17920K, 0% used [0x00000000f4c80000,0x00000000f4c80000,0x00000000f5e00000)
 ParOldGen       total 123904K, used 20413K [0x00000000a0000000, 0x00000000a7900000, 0x00000000e0000000)
  object space 123904K, 16% used [0x00000000a0000000,0x00000000a13ef6f8,0x00000000a7900000)
 Metaspace       used 47713K, capacity 48954K, committed 49152K, reserved 1091584K
  class space    used 6392K, capacity 6793K, committed 6912K, reserved 1048576K
}

