# JRE version: OpenJDK Runtime Environment (8.0_152-b01) (build 1.8.0_152-release-915-b01)
# Java VM: OpenJDK 64-Bit Server VM (25.152-b01 mixed mode windows-amd64 compressed oops)
Heap:
 PSYoungGen      total 76288K, used 15620K [0x00000000e0000000, 0x00000000e5500000, 0x0000000100000000)
  eden space 65536K, 7% used [0x00000000e0000000,0x00000000e04c6bf0,0x00000000e4000000)
  from space 10752K, 99% used [0x00000000e4a80000,0x00000000e54fa440,0x00000000e5500000)
  to   space 10752K, 60% used [0x00000000e4000000,0x00000000e465e060,0x00000000e4a80000)
 ParOldGen       total 175104K, used 1492K [0x00000000a0000000, 0x00000000aab00000, 0x00000000e0000000)
  object space 175104K, 0% used [0x00000000a0000000,0x00000000a01750f0,0x00000000aab00000)
 Metaspace       used 20690K, capacity 21116K, committed 21248K, reserved 1067008K
  class space    used 2863K, capacity 3039K, committed 3072K, reserved 1048576K
GC Heap History (5 events):
Event: 1.737 GC heap before
{Heap before GC invocations=1 (full 0):
 PSYoungGen      total 76288K, used 65536K [0x00000000e0000000, 0x00000000e5500000, 0x0000000100000000)
  eden space 65536K, 100% used [0x00000000e0000000,0x00000000e4000000,0x00000000e4000000)
  from space 10752K, 0% used [0x00000000e4a80000,0x00000000e4a80000,0x00000000e5500000)
  to   space 10752K, 0% used [0x00000000e4000000,0x00000000e4000000,0x00000000e4a80000)
 ParOldGen       total 175104K, used 0K [0x00000000a0000000, 0x00000000aab00000, 0x00000000e0000000)
  object space 175104K, 0% used [0x00000000a0000000,0x00000000a0000000,0x00000000aab00000)
 Metaspace       used 11746K, capacity 12102K, committed 12160K, reserved 1060864K
  class space    used 1541K, capacity 1653K, committed 1664K, reserved 1048576K
Event: 1.745 GC heap after
Heap after GC invocations=1 (full 0):
 PSYoungGen      total 76288K, used 8116K [0x00000000e0000000, 0x00000000e5500000, 0x0000000100000000)
  eden space 65536K, 0% used [0x00000000e0000000,0x00000000e0000000,0x00000000e4000000)
  from space 10752K, 75% used [0x00000000e4000000,0x00000000e47ed218,0x00000000e4a80000)
  to   space 10752K, 0% used [0x00000000e4a80000,0x00000000e4a80000,0x00000000e5500000)
 ParOldGen       total 175104K, used 16K [0x00000000a0000000, 0x00000000aab00000, 0x00000000e0000000)
  object space 175104K, 0% used [0x00000000a0000000,0x00000000a0004000,0x00000000aab00000)
 Metaspace       used 11746K, capacity 12102K, committed 12160K, reserved 1060864K
  class space    used 1541K, capacity 1653K, committed 1664K, reserved 1048576K
}
Event: 2.546 GC heap before
{Heap before GC invocations=2 (full 0):
 PSYoungGen      total 76288K, used 73652K [0x00000000e0000000, 0x00000000e5500000, 0x0000000100000000)
  eden space 65536K, 100% used [0x00000000e0000000,0x00000000e4000000,0x00000000e4000000)
  from space 10752K, 75% used [0x00000000e4000000,0x00000000e47ed218,0x00000000e4a80000)
  to   space 10752K, 0% used [0x00000000e4a80000,0x00000000e4a80000,0x00000000e5500000)
 ParOldGen       total 175104K, used 16K [0x00000000a0000000, 0x00000000aab00000, 0x00000000e0000000)
  object space 175104K, 0% used [0x00000000a0000000,0x00000000a0004000,0x00000000aab00000)
 Metaspace       used 18873K, capacity 19356K, committed 19456K, reserved 1067008K
  class space    used 2644K, capacity 2815K, committed 2816K, reserved 1048576K
Event: 2.557 GC heap after
Heap after GC invocations=2 (full 0):
 PSYoungGen      total 76288K, used 10729K [0x00000000e0000000, 0x00000000e5500000, 0x0000000100000000)
  eden space 65536K, 0% used [0x00000000e0000000,0x00000000e0000000,0x00000000e4000000)
  from space 10752K, 99% used [0x00000000e4a80000,0x00000000e54fa440,0x00000000e5500000)
  to   space 10752K, 0% used [0x00000000e4000000,0x00000000e4000000,0x00000000e4a80000)
 ParOldGen       total 175104K, used 1484K [0x00000000a0000000, 0x00000000aab00000, 0x00000000e0000000)
  object space 175104K, 0% used [0x00000000a0000000,0x00000000a01730f0,0x00000000aab00000)
 Metaspace       used 18873K, capacity 19356K, committed 19456K, reserved 1067008K
  class space    used 2644K, capacity 2815K, committed 2816K, reserved 1048576K
}
Event: 2.624 GC heap before
{Heap before GC invocations=3 (full 0):
 PSYoungGen      total 76288K, used 15620K [0x00000000e0000000, 0x00000000e5500000, 0x0000000100000000)
  eden space 65536K, 7% used [0x00000000e0000000,0x00000000e04c6bf0,0x00000000e4000000)
  from space 10752K, 99% used [0x00000000e4a80000,0x00000000e54fa440,0x00000000e5500000)
  to   space 10752K, 0% used [0x00000000e4000000,0x00000000e4000000,0x00000000e4a80000)
 ParOldGen       total 175104K, used 1484K [0x00000000a0000000, 0x00000000aab00000, 0x00000000e0000000)
  object space 175104K, 0% used [0x00000000a0000000,0x00000000a01730f0,0x00000000aab00000)
 Metaspace       used 20690K, capacity 21116K, committed 21248K, reserved 1067008K
  class space    used 2863K, capacity 3039K, committed 3072K, reserved 1048576K

